Feb 06, 2018 8:59:17 AM commandline.TopTrumpsCLIApplication main
INFO: 
The contents of the complete deck once it has been read in and constructed: 
[Fry 20 25 30 40 10, Leela 45 25 40 20 20, Bender 40 45 20 30 15, Amy 35 40 30 15 35, Elzar 35 25 15 20 25, Professor 5 35 10 50 45, Zoidberg 40 15 30 35 25, Hermes 15 25 20 30 40, Scruffy 25 10 40 25 20, Nibbler 40 5 35 25 40, Zap 25 50 15 30 5, Kif 10 15 25 20 40, Cubert 15 5 20 35 45, TinnyTim 5 0 10 15 30, LaBarbara 20 25 40 10 15, Dwight 15 5 25 30 40, Mom 10 35 20 25 45, RobotSanta 50 15 40 20 35, RobotDevil 35 20 20 45 15, Donbot 20 10 15 35 20, Clamps 40 15 30 35 20, Nixon 5 30 10 45 25, Calculon 15 40 20 35 10, Hypnotoad 0 10 35 25 45, Lrrr 40 25 15 30 15, Ndnd 35 15 25 25 25, Morbo 30 20 15 45 10, Pazuzu 40 10 50 20 15, Wernstrom 5 15 10 40 45, Preacherbot 5 40 10 25 15, Roberto 40 20 35 45 15, Randy 15 30 20 25 40, Crushinator 30 45 5 35 25, Smitty 20 35 40 15 10, URL 35 30 35 10 15, Hedonismbot 5 45 10 25 20, Bubblegum 35 25 45 15 40, Petunia 20 40 15 35 15, Sal 30 45 20 15 20, Hattie 10 20 5 45 30]
 ----------------------------------------------
Feb 06, 2018 8:59:17 AM commandline.TopTrumpsCLIApplication main
INFO: 
The contents of the complete deck after it has been shuffled: 
[Cubert 15 5 20 35 45, Lrrr 40 25 15 30 15, TinnyTim 5 0 10 15 30, URL 35 30 35 10 15, Nixon 5 30 10 45 25, Bubblegum 35 25 45 15 40, Ndnd 35 15 25 25 25, Preacherbot 5 40 10 25 15, Hedonismbot 5 45 10 25 20, Hermes 15 25 20 30 40, Fry 20 25 30 40 10, Calculon 15 40 20 35 10, RobotSanta 50 15 40 20 35, Leela 45 25 40 20 20, Sal 30 45 20 15 20, Wernstrom 5 15 10 40 45, Petunia 20 40 15 35 15, Hypnotoad 0 10 35 25 45, Elzar 35 25 15 20 25, Bender 40 45 20 30 15, Zoidberg 40 15 30 35 25, Donbot 20 10 15 35 20, Hattie 10 20 5 45 30, LaBarbara 20 25 40 10 15, Smitty 20 35 40 15 10, Mom 10 35 20 25 45, Zap 25 50 15 30 5, Roberto 40 20 35 45 15, Nibbler 40 5 35 25 40, Scruffy 25 10 40 25 20, Amy 35 40 30 15 35, RobotDevil 35 20 20 45 15, Pazuzu 40 10 50 20 15, Professor 5 35 10 50 45, Clamps 40 15 30 35 20, Dwight 15 5 25 30 40, Randy 15 30 20 25 40, Crushinator 30 45 5 35 25, Morbo 30 20 15 45 10, Kif 10 15 25 20 40]
 ----------------------------------------------
Feb 06, 2018 8:59:17 AM commandline.TopTrumpsCLIApplication main
INFO: 
The contents of the user’s deck and the computer’s deck(s) once they have been allocated: 
AARON's hand is: [Cubert 15 5 20 35 45, Bubblegum 35 25 45 15 40, Fry 20 25 30 40 10, Wernstrom 5 15 10 40 45, Zoidberg 40 15 30 35 25, Mom 10 35 20 25 45, Amy 35 40 30 15 35, Dwight 15 5 25 30 40]
HAL 9000's hand is: [Lrrr 40 25 15 30 15, Ndnd 35 15 25 25 25, Calculon 15 40 20 35 10, Petunia 20 40 15 35 15, Donbot 20 10 15 35 20, Zap 25 50 15 30 5, RobotDevil 35 20 20 45 15, Randy 15 30 20 25 40]
Cortana's hand is: [TinnyTim 5 0 10 15 30, Preacherbot 5 40 10 25 15, RobotSanta 50 15 40 20 35, Hypnotoad 0 10 35 25 45, Hattie 10 20 5 45 30, Roberto 40 20 35 45 15, Pazuzu 40 10 50 20 15, Crushinator 30 45 5 35 25]
GLaDOS's hand is: [URL 35 30 35 10 15, Hedonismbot 5 45 10 25 20, Leela 45 25 40 20 20, Elzar 35 25 15 20 25, LaBarbara 20 25 40 10 15, Nibbler 40 5 35 25 40, Professor 5 35 10 50 45, Morbo 30 20 15 45 10]
Marvin's hand is: [Nixon 5 30 10 45 25, Hermes 15 25 20 30 40, Sal 30 45 20 15 20, Bender 40 45 20 30 15, Smitty 20 35 40 15 10, Scruffy 25 10 40 25 20, Clamps 40 15 30 35 20, Kif 10 15 25 20 40]

 ----------------------------------------------
Feb 06, 2018 8:59:18 AM commandline.GameMaster sortByCategory
INFO: 
The category selected and corresponding values when a user or computer selects a category: 

_________________________________________
** For Marvin's turn, they chose the category: Lunacy for 45 points.
 ----------------------------------------------
Feb 06, 2018 8:59:18 AM commandline.TopTrumpsCLIApplication main
INFO: 
The contents of the current cards in play (the cards from the top of the user’s deck and the computer’s deck(s)): 
=================================
| Nixon   			| 
| 1. Combat: 		5	|
| 2. Lewdness: 		30	|
| 3. Agility: 		10	|
| 4. Lunacy: 		45	|
| 5. IQ: 		25	|
=================================
=================================
| Cubert   			| 
| 1. Combat: 		15	|
| 2. Lewdness: 		5	|
| 3. Agility: 		20	|
| 4. Lunacy: 		35	|
| 5. IQ: 		45	|
=================================
=================================
| Lrrr   			| 
| 1. Combat: 		40	|
| 2. Lewdness: 		25	|
| 3. Agility: 		15	|
| 4. Lunacy: 		30	|
| 5. IQ: 		15	|
=================================
=================================
| TinnyTim   			| 
| 1. Combat: 		5	|
| 2. Lewdness: 		0	|
| 3. Agility: 		10	|
| 4. Lunacy: 		15	|
| 5. IQ: 		30	|
=================================
=================================
| URL   			| 
| 1. Combat: 		35	|
| 2. Lewdness: 		30	|
| 3. Agility: 		35	|
| 4. Lunacy: 		10	|
| 5. IQ: 		15	|
=================================

 ----------------------------------------------
Feb 06, 2018 8:59:18 AM commandline.GameMaster rewardWinner
INFO: 
The contents of the communal pile when cards are added or removed from it: 
[Nixon 5 30 10 45 25, Cubert 15 5 20 35 45, Lrrr 40 25 15 30 15, TinnyTim 5 0 10 15 30, URL 35 30 35 10 15]
 ----------------------------------------------
Feb 06, 2018 8:59:18 AM commandline.TopTrumpsCLIApplication main
INFO: 
The contents of each deck after a round: 
Marvin's hand is: [Hermes 15 25 20 30 40, Sal 30 45 20 15 20, Bender 40 45 20 30 15, Smitty 20 35 40 15 10, Scruffy 25 10 40 25 20, Clamps 40 15 30 35 20, Kif 10 15 25 20 40, Nixon 5 30 10 45 25, Cubert 15 5 20 35 45, Lrrr 40 25 15 30 15, TinnyTim 5 0 10 15 30, URL 35 30 35 10 15]
AARON's hand is: [Bubblegum 35 25 45 15 40, Fry 20 25 30 40 10, Wernstrom 5 15 10 40 45, Zoidberg 40 15 30 35 25, Mom 10 35 20 25 45, Amy 35 40 30 15 35, Dwight 15 5 25 30 40]
HAL 9000's hand is: [Ndnd 35 15 25 25 25, Calculon 15 40 20 35 10, Petunia 20 40 15 35 15, Donbot 20 10 15 35 20, Zap 25 50 15 30 5, RobotDevil 35 20 20 45 15, Randy 15 30 20 25 40]
Cortana's hand is: [Preacherbot 5 40 10 25 15, RobotSanta 50 15 40 20 35, Hypnotoad 0 10 35 25 45, Hattie 10 20 5 45 30, Roberto 40 20 35 45 15, Pazuzu 40 10 50 20 15, Crushinator 30 45 5 35 25]
GLaDOS's hand is: [Hedonismbot 5 45 10 25 20, Leela 45 25 40 20 20, Elzar 35 25 15 20 25, LaBarbara 20 25 40 10 15, Nibbler 40 5 35 25 40, Professor 5 35 10 50 45, Morbo 30 20 15 45 10]

 ----------------------------------------------
Feb 06, 2018 8:59:18 AM commandline.GameMaster sortByCategory
INFO: 
The category selected and corresponding values when a user or computer selects a category: 

_________________________________________
** For Marvin's turn, they chose the category: IQ for 40 points.
 ----------------------------------------------
Feb 06, 2018 8:59:18 AM commandline.TopTrumpsCLIApplication main
INFO: 
The contents of the current cards in play (the cards from the top of the user’s deck and the computer’s deck(s)): 
=================================
| Hermes   			| 
| 1. Combat: 		15	|
| 2. Lewdness: 		25	|
| 3. Agility: 		20	|
| 4. Lunacy: 		30	|
| 5. IQ: 		40	|
=================================
=================================
| Bubblegum   			| 
| 1. Combat: 		35	|
| 2. Lewdness: 		25	|
| 3. Agility: 		45	|
| 4. Lunacy: 		15	|
| 5. IQ: 		40	|
=================================
=================================
| Ndnd   			| 
| 1. Combat: 		35	|
| 2. Lewdness: 		15	|
| 3. Agility: 		25	|
| 4. Lunacy: 		25	|
| 5. IQ: 		25	|
=================================
=================================
| Hedonismbot   			| 
| 1. Combat: 		5	|
| 2. Lewdness: 		45	|
| 3. Agility: 		10	|
| 4. Lunacy: 		25	|
| 5. IQ: 		20	|
=================================
=================================
| Preacherbot   			| 
| 1. Combat: 		5	|
| 2. Lewdness: 		40	|
| 3. Agility: 		10	|
| 4. Lunacy: 		25	|
| 5. IQ: 		15	|
=================================

 ----------------------------------------------
Feb 06, 2018 8:59:18 AM commandline.TopTrumpsCLIApplication main
INFO: 
The contents of each deck after a round: 
Marvin's hand is: [Sal 30 45 20 15 20, Bender 40 45 20 30 15, Smitty 20 35 40 15 10, Scruffy 25 10 40 25 20, Clamps 40 15 30 35 20, Kif 10 15 25 20 40, Nixon 5 30 10 45 25, Cubert 15 5 20 35 45, Lrrr 40 25 15 30 15, TinnyTim 5 0 10 15 30, URL 35 30 35 10 15]
AARON's hand is: [Fry 20 25 30 40 10, Wernstrom 5 15 10 40 45, Zoidberg 40 15 30 35 25, Mom 10 35 20 25 45, Amy 35 40 30 15 35, Dwight 15 5 25 30 40]
HAL 9000's hand is: [Calculon 15 40 20 35 10, Petunia 20 40 15 35 15, Donbot 20 10 15 35 20, Zap 25 50 15 30 5, RobotDevil 35 20 20 45 15, Randy 15 30 20 25 40]
GLaDOS's hand is: [Leela 45 25 40 20 20, Elzar 35 25 15 20 25, LaBarbara 20 25 40 10 15, Nibbler 40 5 35 25 40, Professor 5 35 10 50 45, Morbo 30 20 15 45 10]
Cortana's hand is: [RobotSanta 50 15 40 20 35, Hypnotoad 0 10 35 25 45, Hattie 10 20 5 45 30, Roberto 40 20 35 45 15, Pazuzu 40 10 50 20 15, Crushinator 30 45 5 35 25]

 ----------------------------------------------
Feb 06, 2018 8:59:18 AM commandline.GameMaster sortByCategory
INFO: 
The category selected and corresponding values when a user or computer selects a category: 

_________________________________________
** For Marvin's turn, they chose the category: Lewdness for 45 points."
 ----------------------------------------------
Feb 06, 2018 8:59:18 AM commandline.TopTrumpsCLIApplication main
INFO: 
The contents of the current cards in play (the cards from the top of the user’s deck and the computer’s deck(s)): 
=================================
| Sal   			| 
| 1. Combat: 		30	|
| 2. Lewdness: 		45	|
| 3. Agility: 		20	|
| 4. Lunacy: 		15	|
| 5. IQ: 		20	|
=================================
=================================
| Calculon   			| 
| 1. Combat: 		15	|
| 2. Lewdness: 		40	|
| 3. Agility: 		20	|
| 4. Lunacy: 		35	|
| 5. IQ: 		10	|
=================================
=================================
| Fry   			| 
| 1. Combat: 		20	|
| 2. Lewdness: 		25	|
| 3. Agility: 		30	|
| 4. Lunacy: 		40	|
| 5. IQ: 		10	|
=================================
=================================
| Leela   			| 
| 1. Combat: 		45	|
| 2. Lewdness: 		25	|
| 3. Agility: 		40	|
| 4. Lunacy: 		20	|
| 5. IQ: 		20	|
=================================
=================================
| RobotSanta   			| 
| 1. Combat: 		50	|
| 2. Lewdness: 		15	|
| 3. Agility: 		40	|
| 4. Lunacy: 		20	|
| 5. IQ: 		35	|
=================================

 ----------------------------------------------
Feb 06, 2018 8:59:18 AM commandline.GameMaster rewardWinner
INFO: 
The contents of the communal pile when cards are added or removed from it: 
[Sal 30 45 20 15 20, Calculon 15 40 20 35 10, Fry 20 25 30 40 10, Leela 45 25 40 20 20, RobotSanta 50 15 40 20 35, Hermes 15 25 20 30 40, Bubblegum 35 25 45 15 40, Ndnd 35 15 25 25 25, Hedonismbot 5 45 10 25 20, Preacherbot 5 40 10 25 15]
 ----------------------------------------------
Feb 06, 2018 8:59:18 AM commandline.TopTrumpsCLIApplication main
INFO: 
The contents of each deck after a round: 
Marvin's hand is: [Bender 40 45 20 30 15, Smitty 20 35 40 15 10, Scruffy 25 10 40 25 20, Clamps 40 15 30 35 20, Kif 10 15 25 20 40, Nixon 5 30 10 45 25, Cubert 15 5 20 35 45, Lrrr 40 25 15 30 15, TinnyTim 5 0 10 15 30, URL 35 30 35 10 15, Sal 30 45 20 15 20, Calculon 15 40 20 35 10, Fry 20 25 30 40 10, Leela 45 25 40 20 20, RobotSanta 50 15 40 20 35, Hermes 15 25 20 30 40, Bubblegum 35 25 45 15 40, Ndnd 35 15 25 25 25, Hedonismbot 5 45 10 25 20, Preacherbot 5 40 10 25 15]
HAL 9000's hand is: [Petunia 20 40 15 35 15, Donbot 20 10 15 35 20, Zap 25 50 15 30 5, RobotDevil 35 20 20 45 15, Randy 15 30 20 25 40]
AARON's hand is: [Wernstrom 5 15 10 40 45, Zoidberg 40 15 30 35 25, Mom 10 35 20 25 45, Amy 35 40 30 15 35, Dwight 15 5 25 30 40]
GLaDOS's hand is: [Elzar 35 25 15 20 25, LaBarbara 20 25 40 10 15, Nibbler 40 5 35 25 40, Professor 5 35 10 50 45, Morbo 30 20 15 45 10]
Cortana's hand is: [Hypnotoad 0 10 35 25 45, Hattie 10 20 5 45 30, Roberto 40 20 35 45 15, Pazuzu 40 10 50 20 15, Crushinator 30 45 5 35 25]

 ----------------------------------------------
Feb 06, 2018 8:59:19 AM commandline.GameMaster sortByCategory
INFO: 
The category selected and corresponding values when a user or computer selects a category: 

_________________________________________
** For Marvin's turn, they chose the category: Lewdness for 45 points."
 ----------------------------------------------
Feb 06, 2018 8:59:19 AM commandline.TopTrumpsCLIApplication main
INFO: 
The contents of the current cards in play (the cards from the top of the user’s deck and the computer’s deck(s)): 
=================================
| Bender   			| 
| 1. Combat: 		40	|
| 2. Lewdness: 		45	|
| 3. Agility: 		20	|
| 4. Lunacy: 		30	|
| 5. IQ: 		15	|
=================================
=================================
| Petunia   			| 
| 1. Combat: 		20	|
| 2. Lewdness: 		40	|
| 3. Agility: 		15	|
| 4. Lunacy: 		35	|
| 5. IQ: 		15	|
=================================
=================================
| Elzar   			| 
| 1. Combat: 		35	|
| 2. Lewdness: 		25	|
| 3. Agility: 		15	|
| 4. Lunacy: 		20	|
| 5. IQ: 		25	|
=================================
=================================
| Wernstrom   			| 
| 1. Combat: 		5	|
| 2. Lewdness: 		15	|
| 3. Agility: 		10	|
| 4. Lunacy: 		40	|
| 5. IQ: 		45	|
=================================
=================================
| Hypnotoad   			| 
| 1. Combat: 		0	|
| 2. Lewdness: 		10	|
| 3. Agility: 		35	|
| 4. Lunacy: 		25	|
| 5. IQ: 		45	|
=================================

 ----------------------------------------------
Feb 06, 2018 8:59:19 AM commandline.GameMaster rewardWinner
INFO: 
The contents of the communal pile when cards are added or removed from it: 
[Bender 40 45 20 30 15, Petunia 20 40 15 35 15, Elzar 35 25 15 20 25, Wernstrom 5 15 10 40 45, Hypnotoad 0 10 35 25 45]
 ----------------------------------------------
Feb 06, 2018 8:59:19 AM commandline.TopTrumpsCLIApplication main
INFO: 
The contents of each deck after a round: 
Marvin's hand is: [Smitty 20 35 40 15 10, Scruffy 25 10 40 25 20, Clamps 40 15 30 35 20, Kif 10 15 25 20 40, Nixon 5 30 10 45 25, Cubert 15 5 20 35 45, Lrrr 40 25 15 30 15, TinnyTim 5 0 10 15 30, URL 35 30 35 10 15, Sal 30 45 20 15 20, Calculon 15 40 20 35 10, Fry 20 25 30 40 10, Leela 45 25 40 20 20, RobotSanta 50 15 40 20 35, Hermes 15 25 20 30 40, Bubblegum 35 25 45 15 40, Ndnd 35 15 25 25 25, Hedonismbot 5 45 10 25 20, Preacherbot 5 40 10 25 15, Bender 40 45 20 30 15, Petunia 20 40 15 35 15, Elzar 35 25 15 20 25, Wernstrom 5 15 10 40 45, Hypnotoad 0 10 35 25 45]
HAL 9000's hand is: [Donbot 20 10 15 35 20, Zap 25 50 15 30 5, RobotDevil 35 20 20 45 15, Randy 15 30 20 25 40]
GLaDOS's hand is: [LaBarbara 20 25 40 10 15, Nibbler 40 5 35 25 40, Professor 5 35 10 50 45, Morbo 30 20 15 45 10]
AARON's hand is: [Zoidberg 40 15 30 35 25, Mom 10 35 20 25 45, Amy 35 40 30 15 35, Dwight 15 5 25 30 40]
Cortana's hand is: [Hattie 10 20 5 45 30, Roberto 40 20 35 45 15, Pazuzu 40 10 50 20 15, Crushinator 30 45 5 35 25]

 ----------------------------------------------
Feb 06, 2018 8:59:19 AM commandline.GameMaster sortByCategory
INFO: 
The category selected and corresponding values when a user or computer selects a category: 

_________________________________________
** For Marvin's turn, they chose the category: Agility for 40 points.
 ----------------------------------------------
Feb 06, 2018 8:59:19 AM commandline.TopTrumpsCLIApplication main
INFO: 
The contents of the current cards in play (the cards from the top of the user’s deck and the computer’s deck(s)): 
=================================
| Smitty   			| 
| 1. Combat: 		20	|
| 2. Lewdness: 		35	|
| 3. Agility: 		40	|
| 4. Lunacy: 		15	|
| 5. IQ: 		10	|
=================================
=================================
| LaBarbara   			| 
| 1. Combat: 		20	|
| 2. Lewdness: 		25	|
| 3. Agility: 		40	|
| 4. Lunacy: 		10	|
| 5. IQ: 		15	|
=================================
=================================
| Zoidberg   			| 
| 1. Combat: 		40	|
| 2. Lewdness: 		15	|
| 3. Agility: 		30	|
| 4. Lunacy: 		35	|
| 5. IQ: 		25	|
=================================
=================================
| Donbot   			| 
| 1. Combat: 		20	|
| 2. Lewdness: 		10	|
| 3. Agility: 		15	|
| 4. Lunacy: 		35	|
| 5. IQ: 		20	|
=================================
=================================
| Hattie   			| 
| 1. Combat: 		10	|
| 2. Lewdness: 		20	|
| 3. Agility: 		5	|
| 4. Lunacy: 		45	|
| 5. IQ: 		30	|
=================================

 ----------------------------------------------
Feb 06, 2018 8:59:19 AM commandline.TopTrumpsCLIApplication main
INFO: 
The contents of each deck after a round: 
Marvin's hand is: [Scruffy 25 10 40 25 20, Clamps 40 15 30 35 20, Kif 10 15 25 20 40, Nixon 5 30 10 45 25, Cubert 15 5 20 35 45, Lrrr 40 25 15 30 15, TinnyTim 5 0 10 15 30, URL 35 30 35 10 15, Sal 30 45 20 15 20, Calculon 15 40 20 35 10, Fry 20 25 30 40 10, Leela 45 25 40 20 20, RobotSanta 50 15 40 20 35, Hermes 15 25 20 30 40, Bubblegum 35 25 45 15 40, Ndnd 35 15 25 25 25, Hedonismbot 5 45 10 25 20, Preacherbot 5 40 10 25 15, Bender 40 45 20 30 15, Petunia 20 40 15 35 15, Elzar 35 25 15 20 25, Wernstrom 5 15 10 40 45, Hypnotoad 0 10 35 25 45]
GLaDOS's hand is: [Nibbler 40 5 35 25 40, Professor 5 35 10 50 45, Morbo 30 20 15 45 10]
AARON's hand is: [Mom 10 35 20 25 45, Amy 35 40 30 15 35, Dwight 15 5 25 30 40]
HAL 9000's hand is: [Zap 25 50 15 30 5, RobotDevil 35 20 20 45 15, Randy 15 30 20 25 40]
Cortana's hand is: [Roberto 40 20 35 45 15, Pazuzu 40 10 50 20 15, Crushinator 30 45 5 35 25]

 ----------------------------------------------
Feb 06, 2018 8:59:20 AM commandline.GameMaster sortByCategory
INFO: 
The category selected and corresponding values when a user or computer selects a category: 

_________________________________________
** For Marvin's turn, they chose the category: Agility for 40 points.
 ----------------------------------------------
Feb 06, 2018 8:59:20 AM commandline.TopTrumpsCLIApplication main
INFO: 
The contents of the current cards in play (the cards from the top of the user’s deck and the computer’s deck(s)): 
=================================
| Scruffy   			| 
| 1. Combat: 		25	|
| 2. Lewdness: 		10	|
| 3. Agility: 		40	|
| 4. Lunacy: 		25	|
| 5. IQ: 		20	|
=================================
=================================
| Nibbler   			| 
| 1. Combat: 		40	|
| 2. Lewdness: 		5	|
| 3. Agility: 		35	|
| 4. Lunacy: 		25	|
| 5. IQ: 		40	|
=================================
=================================
| Roberto   			| 
| 1. Combat: 		40	|
| 2. Lewdness: 		20	|
| 3. Agility: 		35	|
| 4. Lunacy: 		45	|
| 5. IQ: 		15	|
=================================
=================================
| Mom   			| 
| 1. Combat: 		10	|
| 2. Lewdness: 		35	|
| 3. Agility: 		20	|
| 4. Lunacy: 		25	|
| 5. IQ: 		45	|
=================================
=================================
| Zap   			| 
| 1. Combat: 		25	|
| 2. Lewdness: 		50	|
| 3. Agility: 		15	|
| 4. Lunacy: 		30	|
| 5. IQ: 		5	|
=================================

 ----------------------------------------------
Feb 06, 2018 8:59:20 AM commandline.GameMaster rewardWinner
INFO: 
The contents of the communal pile when cards are added or removed from it: 
[Scruffy 25 10 40 25 20, Nibbler 40 5 35 25 40, Roberto 40 20 35 45 15, Mom 10 35 20 25 45, Zap 25 50 15 30 5, Smitty 20 35 40 15 10, LaBarbara 20 25 40 10 15, Zoidberg 40 15 30 35 25, Donbot 20 10 15 35 20, Hattie 10 20 5 45 30]
 ----------------------------------------------
Feb 06, 2018 8:59:20 AM commandline.TopTrumpsCLIApplication main
INFO: 
The contents of each deck after a round: 
Marvin's hand is: [Clamps 40 15 30 35 20, Kif 10 15 25 20 40, Nixon 5 30 10 45 25, Cubert 15 5 20 35 45, Lrrr 40 25 15 30 15, TinnyTim 5 0 10 15 30, URL 35 30 35 10 15, Sal 30 45 20 15 20, Calculon 15 40 20 35 10, Fry 20 25 30 40 10, Leela 45 25 40 20 20, RobotSanta 50 15 40 20 35, Hermes 15 25 20 30 40, Bubblegum 35 25 45 15 40, Ndnd 35 15 25 25 25, Hedonismbot 5 45 10 25 20, Preacherbot 5 40 10 25 15, Bender 40 45 20 30 15, Petunia 20 40 15 35 15, Elzar 35 25 15 20 25, Wernstrom 5 15 10 40 45, Hypnotoad 0 10 35 25 45, Scruffy 25 10 40 25 20, Nibbler 40 5 35 25 40, Roberto 40 20 35 45 15, Mom 10 35 20 25 45, Zap 25 50 15 30 5, Smitty 20 35 40 15 10, LaBarbara 20 25 40 10 15, Zoidberg 40 15 30 35 25, Donbot 20 10 15 35 20, Hattie 10 20 5 45 30]
GLaDOS's hand is: [Professor 5 35 10 50 45, Morbo 30 20 15 45 10]
Cortana's hand is: [Pazuzu 40 10 50 20 15, Crushinator 30 45 5 35 25]
AARON's hand is: [Amy 35 40 30 15 35, Dwight 15 5 25 30 40]
HAL 9000's hand is: [RobotDevil 35 20 20 45 15, Randy 15 30 20 25 40]

 ----------------------------------------------
Feb 06, 2018 8:59:20 AM commandline.GameMaster sortByCategory
INFO: 
The category selected and corresponding values when a user or computer selects a category: 

_________________________________________
** For Marvin's turn, they chose the category: Combat for 40 points.
 ----------------------------------------------
Feb 06, 2018 8:59:20 AM commandline.TopTrumpsCLIApplication main
INFO: 
The contents of the current cards in play (the cards from the top of the user’s deck and the computer’s deck(s)): 
=================================
| Clamps   			| 
| 1. Combat: 		40	|
| 2. Lewdness: 		15	|
| 3. Agility: 		30	|
| 4. Lunacy: 		35	|
| 5. IQ: 		20	|
=================================
=================================
| Pazuzu   			| 
| 1. Combat: 		40	|
| 2. Lewdness: 		10	|
| 3. Agility: 		50	|
| 4. Lunacy: 		20	|
| 5. IQ: 		15	|
=================================
=================================
| Amy   			| 
| 1. Combat: 		35	|
| 2. Lewdness: 		40	|
| 3. Agility: 		30	|
| 4. Lunacy: 		15	|
| 5. IQ: 		35	|
=================================
=================================
| RobotDevil   			| 
| 1. Combat: 		35	|
| 2. Lewdness: 		20	|
| 3. Agility: 		20	|
| 4. Lunacy: 		45	|
| 5. IQ: 		15	|
=================================
=================================
| Professor   			| 
| 1. Combat: 		5	|
| 2. Lewdness: 		35	|
| 3. Agility: 		10	|
| 4. Lunacy: 		50	|
| 5. IQ: 		45	|
=================================

 ----------------------------------------------
Feb 06, 2018 8:59:20 AM commandline.TopTrumpsCLIApplication main
INFO: 
The contents of each deck after a round: 
Marvin's hand is: [Kif 10 15 25 20 40, Nixon 5 30 10 45 25, Cubert 15 5 20 35 45, Lrrr 40 25 15 30 15, TinnyTim 5 0 10 15 30, URL 35 30 35 10 15, Sal 30 45 20 15 20, Calculon 15 40 20 35 10, Fry 20 25 30 40 10, Leela 45 25 40 20 20, RobotSanta 50 15 40 20 35, Hermes 15 25 20 30 40, Bubblegum 35 25 45 15 40, Ndnd 35 15 25 25 25, Hedonismbot 5 45 10 25 20, Preacherbot 5 40 10 25 15, Bender 40 45 20 30 15, Petunia 20 40 15 35 15, Elzar 35 25 15 20 25, Wernstrom 5 15 10 40 45, Hypnotoad 0 10 35 25 45, Scruffy 25 10 40 25 20, Nibbler 40 5 35 25 40, Roberto 40 20 35 45 15, Mom 10 35 20 25 45, Zap 25 50 15 30 5, Smitty 20 35 40 15 10, LaBarbara 20 25 40 10 15, Zoidberg 40 15 30 35 25, Donbot 20 10 15 35 20, Hattie 10 20 5 45 30]
Cortana's hand is: [Crushinator 30 45 5 35 25]
AARON's hand is: [Dwight 15 5 25 30 40]
HAL 9000's hand is: [Randy 15 30 20 25 40]
GLaDOS's hand is: [Morbo 30 20 15 45 10]

 ----------------------------------------------
Feb 06, 2018 8:59:20 AM commandline.GameMaster sortByCategory
INFO: 
The category selected and corresponding values when a user or computer selects a category: 

_________________________________________
** For Marvin's turn, they chose the category: IQ for 40 points.
 ----------------------------------------------
Feb 06, 2018 8:59:20 AM commandline.TopTrumpsCLIApplication main
INFO: 
The contents of the current cards in play (the cards from the top of the user’s deck and the computer’s deck(s)): 
=================================
| Kif   			| 
| 1. Combat: 		10	|
| 2. Lewdness: 		15	|
| 3. Agility: 		25	|
| 4. Lunacy: 		20	|
| 5. IQ: 		40	|
=================================
=================================
| Dwight   			| 
| 1. Combat: 		15	|
| 2. Lewdness: 		5	|
| 3. Agility: 		25	|
| 4. Lunacy: 		30	|
| 5. IQ: 		40	|
=================================
=================================
| Randy   			| 
| 1. Combat: 		15	|
| 2. Lewdness: 		30	|
| 3. Agility: 		20	|
| 4. Lunacy: 		25	|
| 5. IQ: 		40	|
=================================
=================================
| Crushinator   			| 
| 1. Combat: 		30	|
| 2. Lewdness: 		45	|
| 3. Agility: 		5	|
| 4. Lunacy: 		35	|
| 5. IQ: 		25	|
=================================
=================================
| Morbo   			| 
| 1. Combat: 		30	|
| 2. Lewdness: 		20	|
| 3. Agility: 		15	|
| 4. Lunacy: 		45	|
| 5. IQ: 		10	|
=================================

 ----------------------------------------------
Feb 06, 2018 8:59:20 AM commandline.TopTrumpsCLIApplication main
INFO: 
The contents of each deck after a round: 
Marvin's hand is: [Nixon 5 30 10 45 25, Cubert 15 5 20 35 45, Lrrr 40 25 15 30 15, TinnyTim 5 0 10 15 30, URL 35 30 35 10 15, Sal 30 45 20 15 20, Calculon 15 40 20 35 10, Fry 20 25 30 40 10, Leela 45 25 40 20 20, RobotSanta 50 15 40 20 35, Hermes 15 25 20 30 40, Bubblegum 35 25 45 15 40, Ndnd 35 15 25 25 25, Hedonismbot 5 45 10 25 20, Preacherbot 5 40 10 25 15, Bender 40 45 20 30 15, Petunia 20 40 15 35 15, Elzar 35 25 15 20 25, Wernstrom 5 15 10 40 45, Hypnotoad 0 10 35 25 45, Scruffy 25 10 40 25 20, Nibbler 40 5 35 25 40, Roberto 40 20 35 45 15, Mom 10 35 20 25 45, Zap 25 50 15 30 5, Smitty 20 35 40 15 10, LaBarbara 20 25 40 10 15, Zoidberg 40 15 30 35 25, Donbot 20 10 15 35 20, Hattie 10 20 5 45 30]

 ----------------------------------------------
Feb 06, 2018 8:59:20 AM commandline.GameMaster sortByCategory
INFO: 
The category selected and corresponding values when a user or computer selects a category: 

_________________________________________
** For Marvin's turn, they chose the category: Lunacy for 45 points.
 ----------------------------------------------
Feb 06, 2018 8:59:20 AM commandline.TopTrumpsCLIApplication main
INFO: 
The contents of the current cards in play (the cards from the top of the user’s deck and the computer’s deck(s)): 
=================================
| Nixon   			| 
| 1. Combat: 		5	|
| 2. Lewdness: 		30	|
| 3. Agility: 		10	|
| 4. Lunacy: 		45	|
| 5. IQ: 		25	|
=================================

 ----------------------------------------------
Feb 06, 2018 8:59:20 AM commandline.GameMaster rewardWinner
INFO: 
The contents of the communal pile when cards are added or removed from it: 
[Nixon 5 30 10 45 25, Kif 10 15 25 20 40, Dwight 15 5 25 30 40, Randy 15 30 20 25 40, Crushinator 30 45 5 35 25, Morbo 30 20 15 45 10, Clamps 40 15 30 35 20, Pazuzu 40 10 50 20 15, Amy 35 40 30 15 35, RobotDevil 35 20 20 45 15, Professor 5 35 10 50 45]
 ----------------------------------------------
Feb 06, 2018 8:59:20 AM commandline.TopTrumpsCLIApplication main
INFO: 
The contents of each deck after a round: 
Marvin's hand is: [Cubert 15 5 20 35 45, Lrrr 40 25 15 30 15, TinnyTim 5 0 10 15 30, URL 35 30 35 10 15, Sal 30 45 20 15 20, Calculon 15 40 20 35 10, Fry 20 25 30 40 10, Leela 45 25 40 20 20, RobotSanta 50 15 40 20 35, Hermes 15 25 20 30 40, Bubblegum 35 25 45 15 40, Ndnd 35 15 25 25 25, Hedonismbot 5 45 10 25 20, Preacherbot 5 40 10 25 15, Bender 40 45 20 30 15, Petunia 20 40 15 35 15, Elzar 35 25 15 20 25, Wernstrom 5 15 10 40 45, Hypnotoad 0 10 35 25 45, Scruffy 25 10 40 25 20, Nibbler 40 5 35 25 40, Roberto 40 20 35 45 15, Mom 10 35 20 25 45, Zap 25 50 15 30 5, Smitty 20 35 40 15 10, LaBarbara 20 25 40 10 15, Zoidberg 40 15 30 35 25, Donbot 20 10 15 35 20, Hattie 10 20 5 45 30, Nixon 5 30 10 45 25, Kif 10 15 25 20 40, Dwight 15 5 25 30 40, Randy 15 30 20 25 40, Crushinator 30 45 5 35 25, Morbo 30 20 15 45 10, Clamps 40 15 30 35 20, Pazuzu 40 10 50 20 15, Amy 35 40 30 15 35, RobotDevil 35 20 20 45 15, Professor 5 35 10 50 45]

 ----------------------------------------------
Feb 06, 2018 8:59:20 AM commandline.TopTrumpsCLIApplication main
INFO: 
The winner of the game: 
Marvin
 ----------------------------------------------
